<?xml version="1.0" encoding="UTF-8"?>
<!-- Generated by org.testng.reporters.JUnitXMLReporter -->
<testsuite hostname="DESKTOP-6NR16N6" ignored="3" name="Bankingapp Test" tests="4" failures="0" timestamp="2020-05-13T20:04:35 NPT" time="155.939" errors="0">
  <testcase name="userLoginTest" time="33.377" classname="com.mercurytours.tests.TC_Login_0001"/>
  <testcase name="flightReservation" time="22.097" classname="com.mercurytours.tests.TC_Reservation_0002"/>
  <testcase name="flightDetailSelection" time="99.343" classname="com.mercurytours.tests.TC_SelectFlight_0003"/>
  <testcase name="passangerSection" time="1.029" classname="com.mercurytours.tests.TC_BookFlight_0004"/>
  <testcase name="@BeforeSuite setUp" time="0.0" classname="com.mercurytours.tests.BaseClass">
    <ignored/>
  </testcase> <!-- @BeforeSuite setUp -->
  <testcase name="@BeforeSuite setUp" time="0.0" classname="com.mercurytours.tests.BaseClass">
    <ignored/>
  </testcase> <!-- @BeforeSuite setUp -->
  <testcase name="@BeforeSuite setUp" time="0.0" classname="com.mercurytours.tests.BaseClass">
    <ignored/>
  </testcase> <!-- @BeforeSuite setUp -->
</testsuite> <!-- Bankingapp Test -->
