<?xml version="1.0" encoding="UTF-8"?>
<!-- Generated by org.testng.reporters.JUnitXMLReporter -->
<testsuite hostname="DESKTOP-6NR16N6" ignored="0" name="Bankingapp Test" tests="2" failures="0" timestamp="2020-05-07T20:50:38 NPT" time="287.674" errors="0">
  <testcase name="userLoginTest" time="57.933" classname="com.mercurytours.tests.TC_Login_0001"/>
  <testcase name="flightReservation" time="103.841" classname="com.mercurytours.tests.TC_Reservation_0002"/>
</testsuite> <!-- Bankingapp Test -->
